Copyright 1986-2016 Xilinx, Inc. All Rights Reserved.
------------------------------------------------------------------------------------
| Tool Version : Vivado v.2016.2 (lin64) Build 1577090 Thu Jun  2 16:32:35 MDT 2016
| Date         : Wed Nov 30 07:04:48 2016
| Host         : mai running 64-bit Debian GNU/Linux 8.6 (jessie)
| Command      : upgrade_ip
| Device       : xc7z020clg484-1
------------------------------------------------------------------------------------

Upgrade Log for IP 'kinpira_kinpira_0_0'

1. Summary
----------

SUCCESS in the update of kinpira_kinpira_0_0 (ac.jp:user:kinpira:1.0 (Rev. 2)) to current project options.






Copyright 1986-2016 Xilinx, Inc. All Rights Reserved.
------------------------------------------------------------------------------------
| Tool Version : Vivado v.2016.2 (lin64) Build 1577090 Thu Jun  2 16:32:35 MDT 2016
| Date         : Wed Nov 30 05:58:12 2016
| Host         : mai running 64-bit Debian GNU/Linux 8.6 (jessie)
| Command      : upgrade_ip
| Device       : xc7z020clg484-1
------------------------------------------------------------------------------------

Upgrade Log for IP 'kinpira_kinpira_0_0'

1. Summary
----------

SUCCESS in the update of kinpira_kinpira_0_0 (ac.jp:user:kinpira:1.0 (Rev. 2)) to current project options.






Copyright 1986-2016 Xilinx, Inc. All Rights Reserved.
------------------------------------------------------------------------------------
| Tool Version : Vivado v.2016.2 (lin64) Build 1577090 Thu Jun  2 16:32:35 MDT 2016
| Date         : Wed Nov 30 05:57:42 2016
| Host         : mai running 64-bit Debian GNU/Linux 8.6 (jessie)
| Command      : upgrade_ip
| Device       : xc7z020clg484-1
------------------------------------------------------------------------------------

Upgrade Log for IP 'kinpira_kinpira_0_0'

1. Summary
----------

SUCCESS in the update of kinpira_kinpira_0_0 (ac.jp:user:kinpira:1.0 (Rev. 2)) to current project options.






Copyright 1986-2016 Xilinx, Inc. All Rights Reserved.
------------------------------------------------------------------------------------
| Tool Version : Vivado v.2016.2 (lin64) Build 1577090 Thu Jun  2 16:32:35 MDT 2016
| Date         : Wed Nov 30 05:47:15 2016
| Host         : mai running 64-bit Debian GNU/Linux 8.6 (jessie)
| Command      : upgrade_ip
| Device       : xc7z020clg484-1
------------------------------------------------------------------------------------

Upgrade Log for IP 'kinpira_kinpira_0_0'

1. Summary
----------

SUCCESS in the update of kinpira_kinpira_0_0 (ac.jp:user:kinpira:1.0 (Rev. 2)) to current project options.






Copyright 1986-2016 Xilinx, Inc. All Rights Reserved.
------------------------------------------------------------------------------------
| Tool Version : Vivado v.2016.2 (lin64) Build 1577090 Thu Jun  2 16:32:35 MDT 2016
| Date         : Wed Nov 30 05:34:00 2016
| Host         : mai running 64-bit Debian GNU/Linux 8.6 (jessie)
| Command      : upgrade_ip
| Device       : xc7z020clg484-1
------------------------------------------------------------------------------------

Upgrade Log for IP 'kinpira_kinpira_0_0'

1. Summary
----------

SUCCESS in the update of kinpira_kinpira_0_0 (ac.jp:user:kinpira:1.0 (Rev. 2)) to current project options.






Copyright 1986-2016 Xilinx, Inc. All Rights Reserved.
------------------------------------------------------------------------------------
| Tool Version : Vivado v.2016.2 (lin64) Build 1577090 Thu Jun  2 16:32:35 MDT 2016
| Date         : Wed Nov 30 04:41:28 2016
| Host         : mai running 64-bit Debian GNU/Linux 8.6 (jessie)
| Command      : upgrade_ip
| Device       : xc7z020clg484-1
------------------------------------------------------------------------------------

Upgrade Log for IP 'kinpira_kinpira_0_0'

1. Summary
----------

SUCCESS in the update of kinpira_kinpira_0_0 (ac.jp:user:kinpira:1.0 (Rev. 2)) to current project options.






Copyright 1986-2016 Xilinx, Inc. All Rights Reserved.
------------------------------------------------------------------------------------
| Tool Version : Vivado v.2016.2 (lin64) Build 1577090 Thu Jun  2 16:32:35 MDT 2016
| Date         : Wed Nov 30 02:59:08 2016
| Host         : mai running 64-bit Debian GNU/Linux 8.6 (jessie)
| Command      : upgrade_ip
| Device       : xc7z020clg484-1
------------------------------------------------------------------------------------

Upgrade Log for IP 'kinpira_kinpira_0_0'

1. Summary
----------

SUCCESS in the update of kinpira_kinpira_0_0 (ac.jp:user:kinpira:1.0 (Rev. 2)) to current project options.






Copyright 1986-2016 Xilinx, Inc. All Rights Reserved.
------------------------------------------------------------------------------------
| Tool Version : Vivado v.2016.2 (lin64) Build 1577090 Thu Jun  2 16:32:35 MDT 2016
| Date         : Wed Nov 30 02:31:18 2016
| Host         : mai running 64-bit Debian GNU/Linux 8.6 (jessie)
| Command      : upgrade_ip
| Device       : xc7z020clg484-1
------------------------------------------------------------------------------------

Upgrade Log for IP 'kinpira_kinpira_0_0'

1. Summary
----------

SUCCESS in the update of kinpira_kinpira_0_0 (ac.jp:user:kinpira:1.0 (Rev. 2)) to current project options.






Copyright 1986-2016 Xilinx, Inc. All Rights Reserved.
------------------------------------------------------------------------------------
| Tool Version : Vivado v.2016.2 (lin64) Build 1577090 Thu Jun  2 16:32:35 MDT 2016
| Date         : Wed Nov 30 01:51:54 2016
| Host         : mai running 64-bit Debian GNU/Linux 8.6 (jessie)
| Command      : upgrade_ip
| Device       : xc7z020clg484-1
------------------------------------------------------------------------------------

Upgrade Log for IP 'kinpira_kinpira_0_0'

1. Summary
----------

SUCCESS in the update of kinpira_kinpira_0_0 (ac.jp:user:kinpira:1.0 (Rev. 2)) to current project options.






Copyright 1986-2016 Xilinx, Inc. All Rights Reserved.
------------------------------------------------------------------------------------
| Tool Version : Vivado v.2016.2 (lin64) Build 1577090 Thu Jun  2 16:32:35 MDT 2016
| Date         : Wed Nov 30 01:49:54 2016
| Host         : mai running 64-bit Debian GNU/Linux 8.6 (jessie)
| Command      : upgrade_ip
| Device       : xc7z020clg484-1
------------------------------------------------------------------------------------

Upgrade Log for IP 'kinpira_kinpira_0_0'

1. Summary
----------

SUCCESS in the update of kinpira_kinpira_0_0 (ac.jp:user:kinpira:1.0 (Rev. 2)) to current project options.






Copyright 1986-2016 Xilinx, Inc. All Rights Reserved.
------------------------------------------------------------------------------------
| Tool Version : Vivado v.2016.2 (lin64) Build 1577090 Thu Jun  2 16:32:35 MDT 2016
| Date         : Wed Nov 30 00:02:10 2016
| Host         : mai running 64-bit Debian GNU/Linux 8.6 (jessie)
| Command      : upgrade_ip
| Device       : xc7z020clg484-1
------------------------------------------------------------------------------------

Upgrade Log for IP 'kinpira_kinpira_0_1'

1. Summary
----------

SUCCESS in the update of kinpira_kinpira_0_1 (ac.jp:user:kinpira:1.0 (Rev. 3)) to current project options.






Copyright 1986-2016 Xilinx, Inc. All Rights Reserved.
------------------------------------------------------------------------------------
| Tool Version : Vivado v.2016.2 (lin64) Build 1577090 Thu Jun  2 16:32:35 MDT 2016
| Date         : Wed Nov 30 00:01:35 2016
| Host         : mai running 64-bit Debian GNU/Linux 8.6 (jessie)
| Command      : upgrade_ip
| Device       : xc7z020clg484-1
------------------------------------------------------------------------------------

Upgrade Log for IP 'kinpira_kinpira_0_1'

1. Summary
----------

SUCCESS in the upgrade of kinpira_kinpira_0_1 (ac.jp:user:kinpira:1.0) from (Rev. 2) to (Rev. 3)






Copyright 1986-2016 Xilinx, Inc. All Rights Reserved.
------------------------------------------------------------------------------------
| Tool Version : Vivado v.2016.2 (lin64) Build 1577090 Thu Jun  2 16:32:35 MDT 2016
| Date         : Wed Nov 30 00:00:42 2016
| Host         : mai running 64-bit Debian GNU/Linux 8.6 (jessie)
| Command      : upgrade_ip
| Device       : xc7z020clg484-1
------------------------------------------------------------------------------------

Upgrade Log for IP 'kinpira_kinpira_0_1'

1. Summary
----------

SUCCESS in the update of kinpira_kinpira_0_1 (ac.jp:user:kinpira:1.0 (Rev. 2)) to current project options.

