#-----------------------------------------------------------
# Webtalk v2016.4 (64-bit)
# SW Build 1756540 on Mon Jan 23 19:11:19 MST 2017
# 
# Start of session at: Sun Feb 26 11:31:49 2017
# Process ID: 18520
# Current directory: /home/kaftulal/kinpira/zedboard/zedboard.sdk/webtalk
# Command line: wbtcv -mode batch -source sdk_webtalk.tcl
# Log file: /home/kaftulal/kinpira/zedboard/zedboard.sdk/webtalk/webtalk.log
# Journal file: /home/kaftulal/kinpira/zedboard/zedboard.sdk/webtalk/webtalk.jou
#-----------------------------------------------------------
source sdk_webtalk.tcl
# webtalk_init -webtalk_dir /home/kaftulal/kinpira/zedboard/zedboard.sdk/webtalk
# webtalk_register_client -client project
# webtalk_add_data -client project -key date_generated -value "2017-02-26 11:31:49" -context "software_version_and_target_device"
# webtalk_add_data -client project -key product_version -value "SDK v2016.4" -context "software_version_and_target_device"
# webtalk_add_data -client project -key build_version -value "2016.4" -context "software_version_and_target_device"
# webtalk_add_data -client project -key os_platform -value "amd64" -context "software_version_and_target_device"
# webtalk_add_data -client project -key registration_id -value "" -context "software_version_and_target_device"
# webtalk_add_data -client project -key tool_flow -value "SDK" -context "software_version_and_target_device"
# webtalk_add_data -client project -key beta -value "false" -context "software_version_and_target_device"
# webtalk_add_data -client project -key route_design -value "NA" -context "software_version_and_target_device"
# webtalk_add_data -client project -key target_family -value "NA" -context "software_version_and_target_device"
# webtalk_add_data -client project -key target_device -value "NA" -context "software_version_and_target_device"
# webtalk_add_data -client project -key target_package -value "NA" -context "software_version_and_target_device"
# webtalk_add_data -client project -key target_speed -value "NA" -context "software_version_and_target_device"
# webtalk_add_data -client project -key random_id -value "i6p6daerh5mas6s2bjh51gdmgn" -context "software_version_and_target_device"
# webtalk_add_data -client project -key project_id -value "2016.4_3" -context "software_version_and_target_device"
# webtalk_add_data -client project -key project_iteration -value "3" -context "software_version_and_target_device"
# webtalk_add_data -client project -key os_name -value "Ubuntu" -context "user_environment"
# webtalk_add_data -client project -key os_release -value "Ubuntu 16.04.2 LTS" -context "user_environment"
# webtalk_add_data -client project -key cpu_name -value "Intel(R) Core(TM) i3-6100U CPU @ 2.30GHz" -context "user_environment"
# webtalk_add_data -client project -key cpu_speed -value "2300.000 MHz" -context "user_environment"
# webtalk_add_data -client project -key total_processors -value "1" -context "user_environment"
# webtalk_add_data -client project -key system_ram -value "4.000 GB" -context "user_environment"
# webtalk_register_client -client sdk
# webtalk_add_data -client sdk -key uid -value "1488075869000" -context "sdk\\\\bsp/1488075869000"
# webtalk_add_data -client sdk -key hwid -value "1488073136000" -context "sdk\\\\bsp/1488075869000"
# webtalk_add_data -client sdk -key os -value "device_tree" -context "sdk\\\\bsp/1488075869000"
# webtalk_add_data -client sdk -key apptemplate -value "null" -context "sdk\\\\bsp/1488075869000"
# webtalk_add_data -client sdk -key RecordType -value "BSPCreation" -context "sdk\\\\bsp/1488075869000"
# webtalk_add_data -client sdk -key uid -value "NA" -context "sdk\\\\bsp/1488076309563"
# webtalk_add_data -client sdk -key RecordType -value "ToolUsage" -context "sdk\\\\bsp/1488076309563"
# webtalk_add_data -client sdk -key BootgenCount -value "0" -context "sdk\\\\bsp/1488076309563"
# webtalk_add_data -client sdk -key DebugCount -value "0" -context "sdk\\\\bsp/1488076309563"
# webtalk_add_data -client sdk -key PerfCount -value "0" -context "sdk\\\\bsp/1488076309563"
# webtalk_add_data -client sdk -key FlashCount -value "0" -context "sdk\\\\bsp/1488076309563"
# webtalk_add_data -client sdk -key CrossTriggCount -value "0" -context "sdk\\\\bsp/1488076309563"
# webtalk_add_data -client sdk -key QemuDebugCount -value "0" -context "sdk\\\\bsp/1488076309563"
# webtalk_transmit -clientid 1393325050 -regid "" -xml /home/kaftulal/kinpira/zedboard/zedboard.sdk/webtalk/usage_statistics_ext_sdk.xml -html /home/kaftulal/kinpira/zedboard/zedboard.sdk/webtalk/usage_statistics_ext_sdk.html -wdm /home/kaftulal/kinpira/zedboard/zedboard.sdk/webtalk/sdk_webtalk.wdm -intro "<H3>SDK Usage Report</H3><BR>"
# webtalk_terminate
INFO: [Common 17-206] Exiting Webtalk at Sun Feb 26 11:31:50 2017...
